#
# There is insufficient memory for the Java Runtime Environment to continue.
# Native memory allocation (malloc) failed to allocate 32744 bytes for ChunkPool::allocate
# Possible reasons:
#   The system is out of physical RAM or swap space
#   In 32 bit mode, the process size limit was hit
# Possible solutions:
#   Reduce memory load on the system
#   Increase physical memory or swap space
#   Check if swap backing store is full
#   Use 64 bit Java on a 64 bit OS
#   Decrease Java heap size (-Xmx/-Xms)
#   Decrease number of Java threads
#   Decrease Java thread stack sizes (-Xss)
#   Set larger code cache with -XX:ReservedCodeCacheSize=
# This output file may be truncated or incomplete.
#
#  Out of Memory Error (allocation.cpp:273), pid=20520, tid=0x0000000000005484
#
# JRE version: Java(TM) SE Runtime Environment (8.0_172-b11) (build 1.8.0_172-b11)
# Java VM: Java HotSpot(TM) 64-Bit Server VM (25.172-b11 mixed mode windows-amd64 compressed oops)
# Failed to write core dump. Minidumps are not enabled by default on client versions of Windows
#

---------------  T H R E A D  ---------------

Current thread (0x0000000052448000):  JavaThread "C2 CompilerThread0" daemon [_thread_in_native, id=21636, stack(0x0000000052c90000,0x0000000052d90000)]

Stack: [0x0000000052c90000,0x0000000052d90000]
[error occurred during error reporting (printing stack bounds), id 0xc0000005]

Native frames: (J=compiled Java code, j=interpreted, Vv=VM code, C=native code)


Current CompileTask:
C2:   4790  555       4       java.io.WinNTFileSystem::normalize (143 bytes)


---------------  P R O C E S S  ---------------

Java Threads: ( => current thread )
  0x0000000054708000 JavaThread "ReaderThread" [_thread_in_native, id=20772, stack(0x0000000054f00000,0x0000000055000000)]
  0x00000000524ad800 JavaThread "Service Thread" daemon [_thread_blocked, id=20888, stack(0x0000000053150000,0x0000000053250000)]
  0x000000005246a800 JavaThread "C1 CompilerThread1" daemon [_thread_in_vm, id=20320, stack(0x0000000052fa0000,0x00000000530a0000)]
=>0x0000000052448000 JavaThread "C2 CompilerThread0" daemon [_thread_in_native, id=21636, stack(0x0000000052c90000,0x0000000052d90000)]
  0x0000000052446800 JavaThread "Attach Listener" daemon [_thread_blocked, id=15216, stack(0x0000000052da0000,0x0000000052ea0000)]
  0x0000000052445800 JavaThread "Signal Dispatcher" daemon [_thread_blocked, id=21928, stack(0x0000000052b90000,0x0000000052c90000)]
  0x000000005242b000 JavaThread "Finalizer" daemon [_thread_blocked, id=13084, stack(0x00000000529a0000,0x0000000052aa0000)]
  0x00000000021be800 JavaThread "Reference Handler" daemon [_thread_blocked, id=18840, stack(0x0000000052870000,0x0000000052970000)]
  0x00000000020d2800 JavaThread "main" [_thread_in_vm, id=21724, stack(0x0000000002280000,0x0000000002380000)]

Other Threads:
  0x00000000021b5800 VMThread [stack: 0x00000000525e0000,0x00000000526e0000] [id=20696]
  0x00000000524cd000 WatcherThread [stack: 0x0000000053320000,0x0000000053420000] [id=18612]

VM state:not at safepoint (normal execution)

VM Mutex/Monitor currently owned by a thread: None

Heap:
 def new generation   total 9792K, used 4881K [0x00000000e0000000, 0x00000000e0aa0000, 0x00000000eaaa0000)
  eden space 8704K,  43% used [0x00000000e0000000, 0x00000000e03b4568, 0x00000000e0880000)
  from space 1088K, 100% used [0x00000000e0990000, 0x00000000e0aa0000, 0x00000000e0aa0000)
  to   space 1088K,   0% used [0x00000000e0880000, 0x00000000e0880000, 0x00000000e0990000)
 tenured generation   total 21888K, used 949K [0x00000000eaaa0000, 0x00000000ec000000, 0x0000000100000000)
   the space 21888K,   4% used [0x00000000eaaa0000, 0x00000000eab8d508, 0x00000000eab8d600, 0x00000000ec000000)
 Metaspace       used 7350K, capacity 7472K, committed 7680K, reserved 1056768K
  class space    used 863K, capacity 914K, committed 1024K, reserved 1048576K

Card table byte_map: [0x0000000011a10000,0x0000000011b20000] byte_map_base: 0x0000000011310000

Polling page: 0x0000000000250000

CodeCache: size=245760Kb used=2519Kb max_used=2519Kb free=243240Kb
 bounds [0x0000000002650000, 0x00000000028d0000, 0x0000000011650000]
 total_blobs=856 nmethods=554 adapters=215
 compilation: enabled

Compilation events (10 events):
Event: 4.729 Thread 0x000000005246a800 nmethod 550 0x00000000028c5910 code [0x00000000028c5aa0, 0x00000000028c5df0]
Event: 4.732 Thread 0x000000005246a800  551   !   3       java.util.zip.ZipFile::releaseInflater (41 bytes)
Event: 4.732 Thread 0x000000005246a800 nmethod 551 0x00000000028c4d90 code [0x00000000028c4f40, 0x00000000028c5610]
Event: 4.734 Thread 0x000000005246a800  552       3       java.util.zip.ZipFile$ZipFileInputStream::<init> (41 bytes)
Event: 4.734 Thread 0x000000005246a800 nmethod 552 0x00000000028c25d0 code [0x00000000028c2760, 0x00000000028c2af0]
Event: 4.734 Thread 0x000000005246a800  553   !   3       java.util.zip.ZipFile::getInflater (56 bytes)
Event: 4.734 Thread 0x000000005246a800 nmethod 553 0x00000000028c6150 code [0x00000000028c6340, 0x00000000028c6ed0]
Event: 4.735 Thread 0x000000005246a800  554       3       java.util.zip.InflaterInputStream::<init> (79 bytes)
Event: 4.735 Thread 0x000000005246a800 nmethod 554 0x00000000028c1a90 code [0x00000000028c1c40, 0x00000000028c22f0]
Event: 4.742 Thread 0x0000000052448000  555       4       java.io.WinNTFileSystem::normalize (143 bytes)

GC Heap History (2 events):
Event: 4.299 GC heap before
{Heap before GC invocations=0 (full 0):
 def new generation   total 9792K, used 8704K [0x00000000e0000000, 0x00000000e0aa0000, 0x00000000eaaa0000)
  eden space 8704K, 100% used [0x00000000e0000000, 0x00000000e0880000, 0x00000000e0880000)
  from space 1088K,   0% used [0x00000000e0880000, 0x00000000e0880000, 0x00000000e0990000)
  to   space 1088K,   0% used [0x00000000e0990000, 0x00000000e0990000, 0x00000000e0aa0000)
 tenured generation   total 21888K, used 0K [0x00000000eaaa0000, 0x00000000ec000000, 0x0000000100000000)
   the space 21888K,   0% used [0x00000000eaaa0000, 0x00000000eaaa0000, 0x00000000eaaa0200, 0x00000000ec000000)
 Metaspace       used 6386K, capacity 6448K, committed 6784K, reserved 1056768K
  class space    used 760K, capacity 786K, committed 896K, reserved 1048576K
Event: 4.306 GC heap after
Heap after GC invocations=1 (full 0):
 def new generation   total 9792K, used 1088K [0x00000000e0000000, 0x00000000e0aa0000, 0x00000000eaaa0000)
  eden space 8704K,   0% used [0x00000000e0000000, 0x00000000e0000000, 0x00000000e0880000)
  from space 1088K, 100% used [0x00000000e0990000, 0x00000000e0aa0000, 0x00000000e0aa0000)
  to   space 1088K,   0% used [0x00000000e0880000, 0x00000000e0880000, 0x00000000e0990000)
 tenured generation   total 21888K, used 949K [0x00000000eaaa0000, 0x00000000ec000000, 0x0000000100000000)
   the space 21888K,   4% used [0x00000000eaaa0000, 0x00000000eab8d508, 0x00000000eab8d600, 0x00000000ec000000)
 Metaspace       used 6386K, capacity 6448K, committed 6784K, reserved 1056768K
  class space    used 760K, capacity 786K, committed 896K, reserved 1048576K
}

Deoptimization events (4 events):
Event: 1.130 Thread 0x00000000020d2800 Uncommon trap: reason=unstable_if action=reinterpret pc=0x0000000002768da8 method=java.lang.String.hashCode()I @ 14
Event: 1.776 Thread 0x00000000020d2800 Uncommon trap: reason=unstable_if action=reinterpret pc=0x00000000027c8c7c method=java.lang.String.indexOf([CII[CIII)I @ 134
Event: 2.012 Thread 0x00000000020d2800 Uncommon trap: reason=unstable_if action=reinterpret pc=0x0000000002796b78 method=java.lang.String.startsWith(Ljava/lang/String;I)Z @ 25
Event: 3.333 Thread 0x00000000020d2800 Uncommon trap: reason=unstable_if action=reinterpret pc=0x000000000282a074 method=java.lang.String.indexOf([CII[CIII)I @ 3

Classes redefined (0 events):
No events

Internal exceptions (10 events):
Event: 1.721 Thread 0x00000000020d2800 Exception <a 'java/security/PrivilegedActionException'> (0x00000000e03a1d00) thrown at [C:\re\workspace\8-2-build-windows-amd64-cygwin\jdk8u172\10810\hotspot\src\share\vm\prims\jvm.cpp, line 1435]
Event: 1.721 Thread 0x00000000020d2800 Exception <a 'java/security/PrivilegedActionException'> (0x00000000e03a1f10) thrown at [C:\re\workspace\8-2-build-windows-amd64-cygwin\jdk8u172\10810\hotspot\src\share\vm\prims\jvm.cpp, line 1435]
Event: 1.722 Thread 0x00000000020d2800 Exception <a 'java/security/PrivilegedActionException'> (0x00000000e03a5b80) thrown at [C:\re\workspace\8-2-build-windows-amd64-cygwin\jdk8u172\10810\hotspot\src\share\vm\prims\jvm.cpp, line 1435]
Event: 1.722 Thread 0x00000000020d2800 Exception <a 'java/security/PrivilegedActionException'> (0x00000000e03a5d90) thrown at [C:\re\workspace\8-2-build-windows-amd64-cygwin\jdk8u172\10810\hotspot\src\share\vm\prims\jvm.cpp, line 1435]
Event: 2.541 Thread 0x00000000020d2800 Exception <a 'java/security/PrivilegedActionException'> (0x00000000e0452a20) thrown at [C:\re\workspace\8-2-build-windows-amd64-cygwin\jdk8u172\10810\hotspot\src\share\vm\prims\jvm.cpp, line 1435]
Event: 2.541 Thread 0x00000000020d2800 Exception <a 'java/security/PrivilegedActionException'> (0x00000000e0452c30) thrown at [C:\re\workspace\8-2-build-windows-amd64-cygwin\jdk8u172\10810\hotspot\src\share\vm\prims\jvm.cpp, line 1435]
Event: 2.541 Thread 0x00000000020d2800 Exception <a 'java/security/PrivilegedActionException'> (0x00000000e0453bb0) thrown at [C:\re\workspace\8-2-build-windows-amd64-cygwin\jdk8u172\10810\hotspot\src\share\vm\prims\jvm.cpp, line 1435]
Event: 2.541 Thread 0x00000000020d2800 Exception <a 'java/security/PrivilegedActionException'> (0x00000000e0453dc0) thrown at [C:\re\workspace\8-2-build-windows-amd64-cygwin\jdk8u172\10810\hotspot\src\share\vm\prims\jvm.cpp, line 1435]
Event: 2.541 Thread 0x00000000020d2800 Exception <a 'java/security/PrivilegedActionException'> (0x00000000e0454d98) thrown at [C:\re\workspace\8-2-build-windows-amd64-cygwin\jdk8u172\10810\hotspot\src\share\vm\prims\jvm.cpp, line 1435]
Event: 2.541 Thread 0x00000000020d2800 Exception <a 'java/security/PrivilegedActionException'> (0x00000000e0454fa8) thrown at [C:\re\workspace\8-2-build-windows-amd64-cygwin\jdk8u172\10810\hotspot\src\share\vm\prims\jvm.cpp, line 1435]

Events (10 events):
Event: 4.731 loading class sun/reflect/UnsafeIntegerFieldAccessorImpl
Event: 4.731 loading class sun/reflect/UnsafeIntegerFieldAccessorImpl done
Event: 4.732 loading class org/testng/remote/AbstractRemoteTestNG$RemoteSuiteListener
Event: 4.732 loading class org/testng/remote/AbstractRemoteTestNG$RemoteSuiteListener done
Event: 4.734 loading class org/testng/remote/support/RemoteTestNG6_12$1
Event: 4.734 loading class org/testng/remote/support/RemoteTestNG6_12$1 done
Event: 4.735 loading class org/testng/remote/support/RemoteTestNG6_12$DelegatingTestRunnerFactory
Event: 4.735 loading class org/testng/remote/support/RemoteTestNG6_12$DelegatingTestRunnerFactory done
Event: 4.737 loading class org/testng/xml/internal/XmlSuiteUtils
Event: 4.737 loading class org/testng/xml/internal/XmlSuiteUtils done


Dynamic libraries:
0x000000013fab0000 - 0x000000013fae7000 	C:\Program Files\Java\jre1.8.0_172\bin\javaw.exe
0x0000000076f90000 - 0x000000007712f000 	C:\windows\SYSTEM32\ntdll.dll
0x0000000076d70000 - 0x0000000076e8f000 	C:\windows\system32\kernel32.dll
0x000007fefcc90000 - 0x000007fefccfa000 	C:\windows\system32\KERNELBASE.dll
0x000007fefd790000 - 0x000007fefd86b000 	C:\windows\system32\ADVAPI32.dll
0x000007fefd900000 - 0x000007fefd99f000 	C:\windows\system32\msvcrt.dll
0x000007fefed70000 - 0x000007fefed8f000 	C:\windows\SYSTEM32\sechost.dll
0x000007fefd610000 - 0x000007fefd73d000 	C:\windows\system32\RPCRT4.dll
0x0000000076e90000 - 0x0000000076f8a000 	C:\windows\system32\USER32.dll
0x000007fefd890000 - 0x000007fefd8f7000 	C:\windows\system32\GDI32.dll
0x000007fefdfd0000 - 0x000007fefdfde000 	C:\windows\system32\LPK.dll
0x000007fefd1b0000 - 0x000007fefd27b000 	C:\windows\system32\USP10.dll
0x000007fefb530000 - 0x000007fefb724000 	C:\windows\WinSxS\amd64_microsoft.windows.common-controls_6595b64144ccf1df_6.0.7601.18837_none_fa3b1e3d17594757\COMCTL32.dll
0x000007feff200000 - 0x000007feff271000 	C:\windows\system32\SHLWAPI.dll
0x000007fefd5e0000 - 0x000007fefd60e000 	C:\windows\system32\IMM32.DLL
0x000007fefdec0000 - 0x000007fefdfc9000 	C:\windows\system32\MSCTF.dll
0x000007fefcb60000 - 0x000007fefcb86000 	C:\windows\system32\vmwsci.dll
0x0000000077140000 - 0x0000000077147000 	C:\windows\system32\PSAPI.DLL
0x000007fef2f30000 - 0x000007fef2fdf000 	C:\Program Files\McAfee\Endpoint Security\Threat Prevention\Ips\EpMPApi.dll
0x000007fefcd00000 - 0x000007fefcd3b000 	C:\windows\system32\WINTRUST.dll
0x000007fefcd50000 - 0x000007fefcebd000 	C:\windows\system32\CRYPT32.dll
0x000007fefcc60000 - 0x000007fefcc6f000 	C:\windows\system32\MSASN1.dll
0x00000000717f0000 - 0x00000000717fc000 	C:\Program Files\McAfee\Endpoint Security\Threat Prevention\Ips\EpMPThe.dll
0x0000000078ec0000 - 0x0000000078f92000 	C:\Program Files\Java\jre1.8.0_172\bin\msvcr100.dll
0x0000000053720000 - 0x0000000053fc3000 	C:\Program Files\Java\jre1.8.0_172\bin\server\jvm.dll
0x000007fef83e0000 - 0x000007fef83e9000 	C:\windows\system32\WSOCK32.dll
0x000007fefd740000 - 0x000007fefd78d000 	C:\windows\system32\WS2_32.dll
0x000007fefd280000 - 0x000007fefd288000 	C:\windows\system32\NSI.dll
0x000007fefa590000 - 0x000007fefa5cb000 	C:\windows\system32\WINMM.dll
0x000007fefbf90000 - 0x000007fefbf9c000 	C:\windows\system32\VERSION.dll
0x0000000072460000 - 0x000000007246f000 	C:\Program Files\Java\jre1.8.0_172\bin\verify.dll
0x0000000072160000 - 0x0000000072189000 	C:\Program Files\Java\jre1.8.0_172\bin\java.dll
0x0000000072440000 - 0x0000000072456000 	C:\Program Files\Java\jre1.8.0_172\bin\zip.dll
0x000007fefdfe0000 - 0x000007fefed6b000 	C:\windows\system32\SHELL32.dll
0x000007fefd9a0000 - 0x000007fefdb9d000 	C:\windows\system32\ole32.dll
0x000007fefcc70000 - 0x000007fefcc7f000 	C:\windows\system32\profapi.dll
0x00000000720b0000 - 0x00000000720ca000 	C:\Program Files\Java\jre1.8.0_172\bin\net.dll
0x000007fefc3c0000 - 0x000007fefc415000 	C:\windows\system32\mswsock.dll
0x000007fefc3b0000 - 0x000007fefc3b7000 	C:\windows\System32\wship6.dll
0x000007fefbcb0000 - 0x000007fefbcb7000 	C:\windows\System32\wshtcpip.dll
0x000007fefc240000 - 0x000007fefc29b000 	C:\windows\system32\DNSAPI.dll
0x000007fefa400000 - 0x000007fefa427000 	C:\windows\system32\IPHLPAPI.DLL
0x000007fefa3e0000 - 0x000007fefa3eb000 	C:\windows\system32\WINNSI.DLL
0x000007fef8a40000 - 0x000007fef8a48000 	C:\windows\system32\rasadhlp.dll
0x000007fef9680000 - 0x000007fef96d3000 	C:\windows\System32\fwpuclnt.dll
0x000007fefc420000 - 0x000007fefc438000 	C:\windows\system32\CRYPTSP.dll
0x000007fefc120000 - 0x000007fefc167000 	C:\windows\system32\rsaenh.dll
0x000007fefcfa0000 - 0x000007fefcfbe000 	C:\windows\system32\USERENV.dll
0x000007fefca90000 - 0x000007fefca9f000 	C:\windows\system32\CRYPTBASE.dll
0x000007fef9c20000 - 0x000007fef9c31000 	C:\windows\system32\dhcpcsvc6.DLL
0x000007fef9c00000 - 0x000007fef9c18000 	C:\windows\system32\dhcpcsvc.DLL
0x0000000071320000 - 0x0000000071331000 	C:\Program Files\Java\jre1.8.0_172\bin\nio.dll

VM Arguments:
jvm_args: -ea -Dfile.encoding=Cp1252 
java_command: org.testng.remote.RemoteTestNG -serport 59134 -protocol json -d C:\Users\RKALIYAP\Automation\New\Volvo_AGVFlow\test-output C:\Users\RKALIYAP\Automation\New\Volvo_AGVFlow\src\test\resources\AGV_FLOW.xml
java_class_path (initial): C:\Users\RKALIYAP\eclipse\configuration\org.eclipse.osgi\535\0\.cp\lib\testng-remote.jar;C:\Program Files\Java\jre1.8.0_172\lib\resources.jar;C:\Program Files\Java\jre1.8.0_172\lib\rt.jar;C:\Program Files\Java\jre1.8.0_172\lib\jsse.jar;C:\Program Files\Java\jre1.8.0_172\lib\jce.jar;C:\Program Files\Java\jre1.8.0_172\lib\charsets.jar;C:\Program Files\Java\jre1.8.0_172\lib\jfr.jar;C:\Program Files\Java\jre1.8.0_172\lib\ext\access-bridge-64.jar;C:\Program Files\Java\jre1.8.0_172\lib\ext\cldrdata.jar;C:\Program Files\Java\jre1.8.0_172\lib\ext\dnsns.jar;C:\Program Files\Java\jre1.8.0_172\lib\ext\jaccess.jar;C:\Program Files\Java\jre1.8.0_172\lib\ext\jfxrt.jar;C:\Program Files\Java\jre1.8.0_172\lib\ext\localedata.jar;C:\Program Files\Java\jre1.8.0_172\lib\ext\nashorn.jar;C:\Program Files\Java\jre1.8.0_172\lib\ext\sunec.jar;C:\Program Files\Java\jre1.8.0_172\lib\ext\sunjce_provider.jar;C:\Program Files\Java\jre1.8.0_172\lib\ext\sunmscapi.jar;C:\Program Files\Java\jre1.8.0_172\lib\ext\sunpkcs11.jar;C:\Program Files\Java\jre1.8.0_172\lib\ext\zipfs.jar;C:\Users\RKALIYAP\Automation\New\Volvo_AGVFlow\target\test-classes;C:\Users\RKALIYAP\Automation\New\Volvo_AGVFlow\target\classes;C:\Temp\.m2\repository_something\org\apache\pdfbox\pdfbox\2.0.9\pdfbox-2.0.9.jar;C:\Temp\.m2\repository_something\org\apache\pdfbox\fontbox\2.0.9\fontbox-2.0.9.jar;C:\Temp\.m2\repository_something\commons-logging\commons-logging\1.2\commons-logging-1.2.jar;C:\Temp\.m2\repository_something\org\seleniumhq\selenium\selenium-java\3.8.1\selenium-java-3.8.1.jar;C:\Temp\.m2\repository_something\org\seleniumhq\selenium\selenium-api\3.8.1\selenium-api-3.8.1.jar;C:\Temp\.m2\repository_something\org\seleniumhq\selenium\selenium-chrome-driver\3.8.1\selenium-chrome-driver-3.8.1.jar;C:\Temp\.m2\repository_something\org\seleniumhq\selenium\selenium-edge-driver\3.8.1\selenium-edge-driver-3.8.1.jar;C:\Temp\.m2\repository_something\org\seleniumhq\selenium\selenium-firefox-driver\3.8.1\selen
Launcher Type: SUN_STANDARD

Environment Variables:
PATH=C:/Program Files/Java/jre1.8.0_172/bin/server;C:/Program Files/Java/jre1.8.0_172/bin;C:/Program Files/Java/jre1.8.0_172/lib/amd64;C:\Program Files (x86)\Common Files\Oracle\Java\javapath;C:\ProgramData\Oracle\Java\javapath;C:\progra~1\Oracle\product\11.2.0\client_1\bin;C:\Program Files (x86)\Oracle\product\11.2.0\client_1\bin;C:\windows\system32;C:\windows;C:\windows\System32\Wbem;C:\windows\System32\WindowsPowerShell\v1.0\;C:\Program Files (x86)\Microsoft Application Virtualization Client;C:\windows\System32\WindowsPowerShell\v1.0\;C:\windows\CCM;C:\tools\;C:\Program Files\Common Files\ThinPrint\;C:\windows\System32\WindowsPowerShell\v1.0\;C:\Program Files\TortoiseSVN\bin;C:\Users\RKALIYAP\apache-maven-3.5.4\bin;C:\Program Files\Java\jdk1.8.0_172\bin;C:\Users\RKALIYAP\Automation\New\Volvo_AGVFlow\browserDrivers;C:\Users\RKALIYAP\Downloads\sikuli_jars\libs;C:\Users\RKALIYAP\Downloads\Sikuli\libs;C:\Program Files\Docker Toolbox;C:\Users\RKALIYAP\eclipse;
USERNAME=RKALIYAP
OS=Windows_NT
PROCESSOR_IDENTIFIER=Intel64 Family 6 Model 79 Stepping 1, GenuineIntel



---------------  S Y S T E M  ---------------

OS: Windows 7 , 64 bit Build 7601 (6.1.7601.24117)

CPU:total 1 (initial active 1) (1 cores per cpu, 1 threads per core) family 6 model 79 stepping 1, cmov, cx8, fxsr, mmx, sse, sse2, sse3, ssse3, sse4.1, sse4.2, popcnt, avx, avx2, aes, clmul, erms, rtm, 3dnowpref, lzcnt, tsc, tscinvbit, bmi1, bmi2, adx

Memory: 4k page, physical 2096564k(81432k free), swap 8386256k(5140k free)

vm_info: Java HotSpot(TM) 64-Bit Server VM (25.172-b11) for windows-amd64 JRE (1.8.0_172-b11), built on Mar 28 2018 21:21:52 by "java_re" with MS VC++ 10.0 (VS2010)

time: Thu Jul 26 09:08:11 2018
elapsed time: 4 seconds (0d 0h 0m 4s)

