#
# There is insufficient memory for the Java Runtime Environment to continue.
# Native memory allocation (malloc) failed to allocate 65552 bytes for Chunk::new
# Possible reasons:
#   The system is out of physical RAM or swap space
#   In 32 bit mode, the process size limit was hit
# Possible solutions:
#   Reduce memory load on the system
#   Increase physical memory or swap space
#   Check if swap backing store is full
#   Use 64 bit Java on a 64 bit OS
#   Decrease Java heap size (-Xmx/-Xms)
#   Decrease number of Java threads
#   Decrease Java thread stack sizes (-Xss)
#   Set larger code cache with -XX:ReservedCodeCacheSize=
# This output file may be truncated or incomplete.
#
#  Out of Memory Error (allocation.cpp:390), pid=12656, tid=0x00000000000022d4
#
# JRE version: Java(TM) SE Runtime Environment (8.0_172-b11) (build 1.8.0_172-b11)
# Java VM: Java HotSpot(TM) 64-Bit Server VM (25.172-b11 mixed mode windows-amd64 compressed oops)
# Failed to write core dump. Minidumps are not enabled by default on client versions of Windows
#

---------------  T H R E A D  ---------------

Current thread (0x00000000523b7800):  JavaThread "C2 CompilerThread0" daemon [_thread_in_native, id=8916, stack(0x0000000052f20000,0x0000000053020000)]

Stack: [0x0000000052f20000,0x0000000053020000]
[error occurred during error reporting (printing stack bounds), id 0xc0000005]

Native frames: (J=compiled Java code, j=interpreted, Vv=VM code, C=native code)


Current CompileTask:
C2:   7715 1632   !   4       java.net.URLClassLoader$1::run (63 bytes)


---------------  P R O C E S S  ---------------

Java Threads: ( => current thread )
  0x0000000052418000 JavaThread "Service Thread" daemon [_thread_blocked, id=8900, stack(0x0000000053100000,0x0000000053200000)]
  0x0000000052413800 JavaThread "C1 CompilerThread1" daemon [_thread_blocked, id=9704, stack(0x0000000052b50000,0x0000000052c50000)]
=>0x00000000523b7800 JavaThread "C2 CompilerThread0" daemon [_thread_in_native, id=8916, stack(0x0000000052f20000,0x0000000053020000)]
  0x00000000523b3800 JavaThread "Attach Listener" daemon [_thread_blocked, id=14240, stack(0x0000000052da0000,0x0000000052ea0000)]
  0x00000000523b2800 JavaThread "Signal Dispatcher" daemon [_thread_blocked, id=6376, stack(0x0000000052c70000,0x0000000052d70000)]
  0x00000000020ee800 JavaThread "Finalizer" daemon [_thread_blocked, id=14160, stack(0x00000000529f0000,0x0000000052af0000)]
  0x00000000020ec800 JavaThread "Reference Handler" daemon [_thread_blocked, id=13508, stack(0x0000000052800000,0x0000000052900000)]
  0x0000000001ede800 JavaThread "main" [_thread_in_vm, id=9580, stack(0x0000000002250000,0x0000000002350000)]

Other Threads:
  0x00000000020e2000 VMThread [stack: 0x0000000052510000,0x0000000052610000] [id=12488]
  0x000000005241e800 WatcherThread [stack: 0x0000000053210000,0x0000000053310000] [id=12832]

VM state:not at safepoint (normal execution)

VM Mutex/Monitor currently owned by a thread: None

Heap:
 def new generation   total 9792K, used 2670K [0x00000000e0000000, 0x00000000e0aa0000, 0x00000000eaaa0000)
  eden space 8704K,  18% used [0x00000000e0000000, 0x00000000e018b920, 0x00000000e0880000)
  from space 1088K, 100% used [0x00000000e0990000, 0x00000000e0aa0000, 0x00000000e0aa0000)
  to   space 1088K,   0% used [0x00000000e0880000, 0x00000000e0880000, 0x00000000e0990000)
 tenured generation   total 21888K, used 6722K [0x00000000eaaa0000, 0x00000000ec000000, 0x0000000100000000)
   the space 21888K,  30% used [0x00000000eaaa0000, 0x00000000eb1308e0, 0x00000000eb130a00, 0x00000000ec000000)
 Metaspace       used 14474K, capacity 14666K, committed 14976K, reserved 1062912K
  class space    used 1799K, capacity 1871K, committed 1920K, reserved 1048576K

Card table byte_map: [0x00000000020f0000,0x0000000002200000] byte_map_base: 0x00000000019f0000

Polling page: 0x0000000000460000

CodeCache: size=245760Kb used=5843Kb max_used=5843Kb free=239916Kb
 bounds [0x0000000002620000, 0x0000000002be0000, 0x0000000011620000]
 total_blobs=1975 nmethods=1631 adapters=255
 compilation: enabled

Compilation events (10 events):
Event: 7.662 Thread 0x0000000052413800 nmethod 1627 0x0000000002bc00d0 code [0x0000000002bc0240, 0x0000000002bc04a0]
Event: 7.662 Thread 0x0000000052413800 1628       3       org.codehaus.plexus.util.xml.Xpp3Dom::setValue (6 bytes)
Event: 7.662 Thread 0x0000000052413800 nmethod 1628 0x0000000002bbfd90 code [0x0000000002bbfee0, 0x0000000002bc0050]
Event: 7.662 Thread 0x0000000052413800 1629       3       org.codehaus.plexus.util.xml.Xpp3Dom::addChild (32 bytes)
Event: 7.663 Thread 0x0000000052413800 nmethod 1629 0x0000000002bc6090 code [0x0000000002bc6220, 0x0000000002bc65b0]
Event: 7.670 Thread 0x0000000052413800 1630       3       sun.nio.cs.UTF_8$Decoder::decode (779 bytes)
Event: 7.675 Thread 0x0000000052413800 nmethod 1630 0x0000000002bc82d0 code [0x0000000002bc8900, 0x0000000002bcd578]
Event: 7.676 Thread 0x0000000052413800 1631       3       sun.nio.cs.UTF_8$Decoder::decodeArrayLoop (691 bytes)
Event: 7.680 Thread 0x0000000052413800 nmethod 1631 0x0000000002bd0e50 code [0x0000000002bd17a0, 0x0000000002bd7cf0]
Event: 7.682 Thread 0x00000000523b7800 1632   !   4       java.net.URLClassLoader$1::run (63 bytes)

GC Heap History (10 events):
Event: 4.269 GC heap before
{Heap before GC invocations=4 (full 0):
 def new generation   total 9792K, used 9444K [0x00000000e0000000, 0x00000000e0aa0000, 0x00000000eaaa0000)
  eden space 8704K, 100% used [0x00000000e0000000, 0x00000000e0880000, 0x00000000e0880000)
  from space 1088K,  68% used [0x00000000e0880000, 0x00000000e0939128, 0x00000000e0990000)
  to   space 1088K,   0% used [0x00000000e0990000, 0x00000000e0990000, 0x00000000e0aa0000)
 tenured generation   total 21888K, used 2608K [0x00000000eaaa0000, 0x00000000ec000000, 0x0000000100000000)
   the space 21888K,  11% used [0x00000000eaaa0000, 0x00000000ead2c030, 0x00000000ead2c200, 0x00000000ec000000)
 Metaspace       used 9010K, capacity 9166K, committed 9472K, reserved 1056768K
  class space    used 1126K, capacity 1180K, committed 1280K, reserved 1048576K
Event: 4.273 GC heap after
Heap after GC invocations=5 (full 0):
 def new generation   total 9792K, used 1087K [0x00000000e0000000, 0x00000000e0aa0000, 0x00000000eaaa0000)
  eden space 8704K,   0% used [0x00000000e0000000, 0x00000000e0000000, 0x00000000e0880000)
  from space 1088K,  99% used [0x00000000e0990000, 0x00000000e0a9fff8, 0x00000000e0aa0000)
  to   space 1088K,   0% used [0x00000000e0880000, 0x00000000e0880000, 0x00000000e0990000)
 tenured generation   total 21888K, used 3278K [0x00000000eaaa0000, 0x00000000ec000000, 0x0000000100000000)
   the space 21888K,  14% used [0x00000000eaaa0000, 0x00000000eadd3968, 0x00000000eadd3a00, 0x00000000ec000000)
 Metaspace       used 9010K, capacity 9166K, committed 9472K, reserved 1056768K
  class space    used 1126K, capacity 1180K, committed 1280K, reserved 1048576K
}
Event: 4.831 GC heap before
{Heap before GC invocations=5 (full 0):
 def new generation   total 9792K, used 9791K [0x00000000e0000000, 0x00000000e0aa0000, 0x00000000eaaa0000)
  eden space 8704K, 100% used [0x00000000e0000000, 0x00000000e0880000, 0x00000000e0880000)
  from space 1088K,  99% used [0x00000000e0990000, 0x00000000e0a9fff8, 0x00000000e0aa0000)
  to   space 1088K,   0% used [0x00000000e0880000, 0x00000000e0880000, 0x00000000e0990000)
 tenured generation   total 21888K, used 3278K [0x00000000eaaa0000, 0x00000000ec000000, 0x0000000100000000)
   the space 21888K,  14% used [0x00000000eaaa0000, 0x00000000eadd3968, 0x00000000eadd3a00, 0x00000000ec000000)
 Metaspace       used 10271K, capacity 10494K, committed 10752K, reserved 1058816K
  class space    used 1296K, capacity 1411K, committed 1536K, reserved 1048576K
Event: 4.836 GC heap after
Heap after GC invocations=6 (full 0):
 def new generation   total 9792K, used 1088K [0x00000000e0000000, 0x00000000e0aa0000, 0x00000000eaaa0000)
  eden space 8704K,   0% used [0x00000000e0000000, 0x00000000e0000000, 0x00000000e0880000)
  from space 1088K, 100% used [0x00000000e0880000, 0x00000000e0990000, 0x00000000e0990000)
  to   space 1088K,   0% used [0x00000000e0990000, 0x00000000e0990000, 0x00000000e0aa0000)
 tenured generation   total 21888K, used 3952K [0x00000000eaaa0000, 0x00000000ec000000, 0x0000000100000000)
   the space 21888K,  18% used [0x00000000eaaa0000, 0x00000000eae7c1b8, 0x00000000eae7c200, 0x00000000ec000000)
 Metaspace       used 10271K, capacity 10494K, committed 10752K, reserved 1058816K
  class space    used 1296K, capacity 1411K, committed 1536K, reserved 1048576K
}
Event: 5.296 GC heap before
{Heap before GC invocations=6 (full 0):
 def new generation   total 9792K, used 9792K [0x00000000e0000000, 0x00000000e0aa0000, 0x00000000eaaa0000)
  eden space 8704K, 100% used [0x00000000e0000000, 0x00000000e0880000, 0x00000000e0880000)
  from space 1088K, 100% used [0x00000000e0880000, 0x00000000e0990000, 0x00000000e0990000)
  to   space 1088K,   0% used [0x00000000e0990000, 0x00000000e0990000, 0x00000000e0aa0000)
 tenured generation   total 21888K, used 3952K [0x00000000eaaa0000, 0x00000000ec000000, 0x0000000100000000)
   the space 21888K,  18% used [0x00000000eaaa0000, 0x00000000eae7c1b8, 0x00000000eae7c200, 0x00000000ec000000)
 Metaspace       used 11335K, capacity 11528K, committed 11904K, reserved 1058816K
  class space    used 1441K, capacity 1540K, committed 1664K, reserved 1048576K
Event: 5.301 GC heap after
Heap after GC invocations=7 (full 0):
 def new generation   total 9792K, used 1087K [0x00000000e0000000, 0x00000000e0aa0000, 0x00000000eaaa0000)
  eden space 8704K,   0% used [0x00000000e0000000, 0x00000000e0000000, 0x00000000e0880000)
  from space 1088K,  99% used [0x00000000e0990000, 0x00000000e0a9fff0, 0x00000000e0aa0000)
  to   space 1088K,   0% used [0x00000000e0880000, 0x00000000e0880000, 0x00000000e0990000)
 tenured generation   total 21888K, used 4817K [0x00000000eaaa0000, 0x00000000ec000000, 0x0000000100000000)
   the space 21888K,  22% used [0x00000000eaaa0000, 0x00000000eaf54658, 0x00000000eaf54800, 0x00000000ec000000)
 Metaspace       used 11335K, capacity 11528K, committed 11904K, reserved 1058816K
  class space    used 1441K, capacity 1540K, committed 1664K, reserved 1048576K
}
Event: 6.202 GC heap before
{Heap before GC invocations=7 (full 0):
 def new generation   total 9792K, used 9791K [0x00000000e0000000, 0x00000000e0aa0000, 0x00000000eaaa0000)
  eden space 8704K, 100% used [0x00000000e0000000, 0x00000000e0880000, 0x00000000e0880000)
  from space 1088K,  99% used [0x00000000e0990000, 0x00000000e0a9fff0, 0x00000000e0aa0000)
  to   space 1088K,   0% used [0x00000000e0880000, 0x00000000e0880000, 0x00000000e0990000)
 tenured generation   total 21888K, used 4817K [0x00000000eaaa0000, 0x00000000ec000000, 0x0000000100000000)
   the space 21888K,  22% used [0x00000000eaaa0000, 0x00000000eaf54658, 0x00000000eaf54800, 0x00000000ec000000)
 Metaspace       used 12460K, capacity 12628K, committed 12800K, reserved 1060864K
  class space    used 1588K, capacity 1670K, committed 1792K, reserved 1048576K
Event: 6.210 GC heap after
Heap after GC invocations=8 (full 0):
 def new generation   total 9792K, used 1087K [0x00000000e0000000, 0x00000000e0aa0000, 0x00000000eaaa0000)
  eden space 8704K,   0% used [0x00000000e0000000, 0x00000000e0000000, 0x00000000e0880000)
  from space 1088K,  99% used [0x00000000e0880000, 0x00000000e098fff8, 0x00000000e0990000)
  to   space 1088K,   0% used [0x00000000e0990000, 0x00000000e0990000, 0x00000000e0aa0000)
 tenured generation   total 21888K, used 5675K [0x00000000eaaa0000, 0x00000000ec000000, 0x0000000100000000)
   the space 21888K,  25% used [0x00000000eaaa0000, 0x00000000eb02acb8, 0x00000000eb02ae00, 0x00000000ec000000)
 Metaspace       used 12460K, capacity 12628K, committed 12800K, reserved 1060864K
  class space    used 1588K, capacity 1670K, committed 1792K, reserved 1048576K
}
Event: 7.117 GC heap before
{Heap before GC invocations=8 (full 0):
 def new generation   total 9792K, used 9791K [0x00000000e0000000, 0x00000000e0aa0000, 0x00000000eaaa0000)
  eden space 8704K, 100% used [0x00000000e0000000, 0x00000000e0880000, 0x00000000e0880000)
  from space 1088K,  99% used [0x00000000e0880000, 0x00000000e098fff8, 0x00000000e0990000)
  to   space 1088K,   0% used [0x00000000e0990000, 0x00000000e0990000, 0x00000000e0aa0000)
 tenured generation   total 21888K, used 5675K [0x00000000eaaa0000, 0x00000000ec000000, 0x0000000100000000)
   the space 21888K,  25% used [0x00000000eaaa0000, 0x00000000eb02acb8, 0x00000000eb02ae00, 0x00000000ec000000)
 Metaspace       used 14138K, capacity 14346K, committed 14464K, reserved 1062912K
  class space    used 1757K, capacity 1871K, committed 1920K, reserved 1048576K
Event: 7.125 GC heap after
Heap after GC invocations=9 (full 0):
 def new generation   total 9792K, used 1088K [0x00000000e0000000, 0x00000000e0aa0000, 0x00000000eaaa0000)
  eden space 8704K,   0% used [0x00000000e0000000, 0x00000000e0000000, 0x00000000e0880000)
  from space 1088K, 100% used [0x00000000e0990000, 0x00000000e0aa0000, 0x00000000e0aa0000)
  to   space 1088K,   0% used [0x00000000e0880000, 0x00000000e0880000, 0x00000000e0990000)
 tenured generation   total 21888K, used 6722K [0x00000000eaaa0000, 0x00000000ec000000, 0x0000000100000000)
   the space 21888K,  30% used [0x00000000eaaa0000, 0x00000000eb1308e0, 0x00000000eb130a00, 0x00000000ec000000)
 Metaspace       used 14138K, capacity 14346K, committed 14464K, reserved 1062912K
  class space    used 1757K, capacity 1871K, committed 1920K, reserved 1048576K
}

Deoptimization events (10 events):
Event: 5.645 Thread 0x0000000001ede800 Uncommon trap: reason=unstable_if action=reinterpret pc=0x00000000029a3c44 method=java.util.concurrent.ConcurrentHashMap.putVal(Ljava/lang/Object;Ljava/lang/Object;Z)Ljava/lang/Object; @ 206
Event: 6.468 Thread 0x0000000001ede800 Uncommon trap: reason=unstable_if action=reinterpret pc=0x0000000002906610 method=org.codehaus.plexus.util.xml.pull.MXParser.parseStartTag()I @ 443
Event: 6.867 Thread 0x0000000001ede800 Uncommon trap: reason=unstable_if action=reinterpret pc=0x00000000028f9888 method=org.codehaus.plexus.util.xml.pull.MXParser.isS(C)Z @ 21
Event: 6.868 Thread 0x0000000001ede800 Uncommon trap: reason=unstable_if action=reinterpret pc=0x0000000002903a78 method=org.codehaus.plexus.util.xml.pull.MXParser.nextImpl()I @ 972
Event: 6.965 Thread 0x0000000001ede800 Uncommon trap: reason=unstable_if action=reinterpret pc=0x0000000002799220 method=java.lang.String.replace(CC)Ljava/lang/String; @ 2
Event: 7.182 Thread 0x0000000001ede800 Uncommon trap: reason=unstable_if action=reinterpret pc=0x0000000002a2ac60 method=java.lang.String.startsWith(Ljava/lang/String;I)Z @ 25
Event: 7.182 Thread 0x0000000001ede800 Uncommon trap: reason=unstable_if action=reinterpret pc=0x000000000278de78 method=java.lang.String.startsWith(Ljava/lang/String;I)Z @ 25
Event: 7.591 Thread 0x0000000001ede800 Uncommon trap: reason=predicate action=maybe_recompile pc=0x00000000029ab8cc method=java.lang.String.regionMatches(ZILjava/lang/String;II)Z @ 63
Event: 7.670 Thread 0x0000000001ede800 Uncommon trap: reason=unstable_if action=reinterpret pc=0x00000000028840b4 method=sun.nio.cs.UTF_8$Decoder.decode([BII[C)I @ 30
Event: 7.676 Thread 0x0000000001ede800 Uncommon trap: reason=unstable_if action=reinterpret pc=0x00000000028ae884 method=sun.nio.cs.UTF_8$Decoder.decodeArrayLoop(Ljava/nio/ByteBuffer;Ljava/nio/CharBuffer;)Ljava/nio/charset/CoderResult; @ 84

Classes redefined (0 events):
No events

Internal exceptions (10 events):
Event: 3.091 Thread 0x0000000001ede800 Exception <a 'java/lang/ArrayIndexOutOfBoundsException': 111> (0x00000000e024bab0) thrown at [C:\re\workspace\8-2-build-windows-amd64-cygwin\jdk8u172\10810\hotspot\src\share\vm\interpreter\interpreterRuntime.cpp, line 366]
Event: 5.827 Thread 0x0000000001ede800 Exception <a 'java/lang/NoClassDefFoundError': com/google/inject/servlet/ServletModuleTargetVisitor> (0x00000000e068f260) thrown at [C:\re\workspace\8-2-build-windows-amd64-cygwin\jdk8u172\10810\hotspot\src\share\vm\classfile\systemDictionary.cpp, line 19
Event: 5.827 Thread 0x0000000001ede800 Exception <a 'java/lang/NoClassDefFoundError'> (0x00000000e068f260) thrown at [C:\re\workspace\8-2-build-windows-amd64-cygwin\jdk8u172\10810\hotspot\src\share\vm\prims\jvm.cpp, line 1439]
Event: 5.829 Thread 0x0000000001ede800 Exception <a 'java/lang/NoClassDefFoundError': javax/annotation/Priority> (0x00000000e0695b90) thrown at [C:\re\workspace\8-2-build-windows-amd64-cygwin\jdk8u172\10810\hotspot\src\share\vm\classfile\systemDictionary.cpp, line 199]
Event: 6.765 Thread 0x0000000001ede800 Exception <a 'java/lang/NullPointerException'> (0x00000000e0423238) thrown at [C:\re\workspace\8-2-build-windows-amd64-cygwin\jdk8u172\10810\hotspot\src\share\vm\interpreter\linkResolver.cpp, line 1185]
Event: 6.765 Thread 0x0000000001ede800 Exception <a 'java/lang/NullPointerException'> (0x00000000e0423450) thrown at [C:\re\workspace\8-2-build-windows-amd64-cygwin\jdk8u172\10810\hotspot\src\share\vm\interpreter\linkResolver.cpp, line 1185]
Event: 6.765 Thread 0x0000000001ede800 Exception <a 'java/lang/NullPointerException'> (0x00000000e0423668) thrown at [C:\re\workspace\8-2-build-windows-amd64-cygwin\jdk8u172\10810\hotspot\src\share\vm\interpreter\linkResolver.cpp, line 1185]
Event: 6.767 Thread 0x0000000001ede800 Exception <a 'java/lang/NullPointerException'> (0x00000000e043a960) thrown at [C:\re\workspace\8-2-build-windows-amd64-cygwin\jdk8u172\10810\hotspot\src\share\vm\interpreter\linkResolver.cpp, line 1185]
Event: 6.767 Thread 0x0000000001ede800 Exception <a 'java/lang/NullPointerException'> (0x00000000e043ab78) thrown at [C:\re\workspace\8-2-build-windows-amd64-cygwin\jdk8u172\10810\hotspot\src\share\vm\interpreter\linkResolver.cpp, line 1185]
Event: 6.767 Thread 0x0000000001ede800 Exception <a 'java/lang/NullPointerException'> (0x00000000e043ad90) thrown at [C:\re\workspace\8-2-build-windows-amd64-cygwin\jdk8u172\10810\hotspot\src\share\vm\interpreter\linkResolver.cpp, line 1185]

Events (10 events):
Event: 7.636 loading class org/apache/maven/model/Exclusion
Event: 7.636 loading class org/apache/maven/model/Exclusion done
Event: 7.670 Thread 0x0000000001ede800 Uncommon trap: trap_request=0xffffff65 fr.pc=0x00000000028840b4
Event: 7.670 Thread 0x0000000001ede800 DEOPT PACKING pc=0x00000000028840b4 sp=0x000000000234d6e0
Event: 7.670 Thread 0x0000000001ede800 DEOPT UNPACKING pc=0x000000000266583b sp=0x000000000234d638 mode 2
Event: 7.675 Thread 0x0000000001ede800 Uncommon trap: trap_request=0xffffff65 fr.pc=0x00000000028ae884
Event: 7.676 Thread 0x0000000001ede800 DEOPT PACKING pc=0x00000000028ae884 sp=0x000000000234d5d0
Event: 7.676 Thread 0x0000000001ede800 DEOPT UNPACKING pc=0x000000000266583b sp=0x000000000234d518 mode 2
Event: 7.682 loading class org/apache/maven/model/Notifier
Event: 7.682 loading class org/apache/maven/model/Notifier done


Dynamic libraries:
0x000000013f790000 - 0x000000013f7c7000 	C:\Program Files\Java\jre1.8.0_172\bin\javaw.exe
0x0000000076ea0000 - 0x000000007703f000 	C:\windows\SYSTEM32\ntdll.dll
0x0000000076c80000 - 0x0000000076d9f000 	C:\windows\system32\kernel32.dll
0x000007fefcba0000 - 0x000007fefcc0a000 	C:\windows\system32\KERNELBASE.dll
0x000007fefcfb0000 - 0x000007fefd08b000 	C:\windows\system32\ADVAPI32.dll
0x000007fefea00000 - 0x000007fefea9f000 	C:\windows\system32\msvcrt.dll
0x000007feff040000 - 0x000007feff05f000 	C:\windows\SYSTEM32\sechost.dll
0x000007feff060000 - 0x000007feff18d000 	C:\windows\system32\RPCRT4.dll
0x0000000076da0000 - 0x0000000076e9a000 	C:\windows\system32\USER32.dll
0x000007fefd270000 - 0x000007fefd2d7000 	C:\windows\system32\GDI32.dll
0x000007fefe860000 - 0x000007fefe86e000 	C:\windows\system32\LPK.dll
0x000007fefef70000 - 0x000007feff03b000 	C:\windows\system32\USP10.dll
0x000007fefb440000 - 0x000007fefb634000 	C:\windows\WinSxS\amd64_microsoft.windows.common-controls_6595b64144ccf1df_6.0.7601.18837_none_fa3b1e3d17594757\COMCTL32.dll
0x000007fefe980000 - 0x000007fefe9f1000 	C:\windows\system32\SHLWAPI.dll
0x000007fefd090000 - 0x000007fefd0be000 	C:\windows\system32\IMM32.DLL
0x000007fefe870000 - 0x000007fefe979000 	C:\windows\system32\MSCTF.dll
0x000007fefca70000 - 0x000007fefca96000 	C:\windows\system32\vmwsci.dll
0x0000000077040000 - 0x0000000077047000 	C:\windows\system32\PSAPI.DLL
0x000007fef1590000 - 0x000007fef163f000 	C:\Program Files\McAfee\Endpoint Security\Threat Prevention\Ips\EpMPApi.dll
0x000007fefced0000 - 0x000007fefcf0b000 	C:\windows\system32\WINTRUST.dll
0x000007fefcd20000 - 0x000007fefce8d000 	C:\windows\system32\CRYPT32.dll
0x000007fefcb70000 - 0x000007fefcb7f000 	C:\windows\system32\MSASN1.dll
0x0000000071ca0000 - 0x0000000071cac000 	C:\Program Files\McAfee\Endpoint Security\Threat Prevention\Ips\EpMPThe.dll
0x00000000788f0000 - 0x00000000789c2000 	C:\Program Files\Java\jre1.8.0_172\bin\msvcr100.dll
0x0000000070510000 - 0x0000000070db3000 	C:\Program Files\Java\jre1.8.0_172\bin\server\jvm.dll
0x000007fef7230000 - 0x000007fef7239000 	C:\windows\system32\WSOCK32.dll
0x000007fefeaa0000 - 0x000007fefeaed000 	C:\windows\system32\WS2_32.dll
0x000007fefe850000 - 0x000007fefe858000 	C:\windows\system32\NSI.dll
0x000007fefa5b0000 - 0x000007fefa5eb000 	C:\windows\system32\WINMM.dll
0x000007fefbea0000 - 0x000007fefbeac000 	C:\windows\system32\VERSION.dll
0x0000000059b20000 - 0x0000000059b2f000 	C:\Program Files\Java\jre1.8.0_172\bin\verify.dll
0x0000000059af0000 - 0x0000000059b19000 	C:\Program Files\Java\jre1.8.0_172\bin\java.dll
0x00000000711f0000 - 0x0000000071206000 	C:\Program Files\Java\jre1.8.0_172\bin\zip.dll
0x000007fefd6f0000 - 0x000007fefe47b000 	C:\windows\system32\SHELL32.dll
0x000007fefed70000 - 0x000007fefef6d000 	C:\windows\system32\ole32.dll
0x000007fefcb80000 - 0x000007fefcb8f000 	C:\windows\system32\profapi.dll
0x000000006fef0000 - 0x000000006ff0a000 	C:\Program Files\Java\jre1.8.0_172\bin\net.dll
0x000007fefc2d0000 - 0x000007fefc325000 	C:\windows\system32\mswsock.dll
0x000007fefc2c0000 - 0x000007fefc2c7000 	C:\windows\System32\wship6.dll
0x0000000070370000 - 0x0000000070381000 	C:\Program Files\Java\jre1.8.0_172\bin\nio.dll

VM Arguments:
jvm_args: -Dmaven.home=EMBEDDED -Dclassworlds.conf=C:\Users\RKALIYAP\Automation\New\.metadata\.plugins\org.eclipse.m2e.launching\launches\m2conf1341333848107295942.tmp -Dmaven.multiModuleProjectDirectory=C:\Users\RKALIYAP\Automation\New\Volvo_AGVFlow -Dfile.encoding=Cp1252 
java_command: org.codehaus.plexus.classworlds.launcher.Launcher -B install
java_class_path (initial): C:\Users\RKALIYAP\eclipse\plugins\org.eclipse.m2e.maven.runtime_1.8.3.20180227-2135\jars\plexus-classworlds-2.5.2.jar
Launcher Type: SUN_STANDARD

Environment Variables:
PATH=C:/Program Files/Java/jre1.8.0_172/bin/server;C:/Program Files/Java/jre1.8.0_172/bin;C:/Program Files/Java/jre1.8.0_172/lib/amd64;C:\Program Files (x86)\Common Files\Oracle\Java\javapath;C:\ProgramData\Oracle\Java\javapath;C:\progra~1\Oracle\product\11.2.0\client_1\bin;C:\Program Files (x86)\Oracle\product\11.2.0\client_1\bin;C:\windows\system32;C:\windows;C:\windows\System32\Wbem;C:\windows\System32\WindowsPowerShell\v1.0\;C:\Program Files (x86)\Microsoft Application Virtualization Client;C:\windows\System32\WindowsPowerShell\v1.0\;C:\windows\CCM;C:\tools\;C:\Program Files\Common Files\ThinPrint\;C:\windows\System32\WindowsPowerShell\v1.0\;C:\Program Files\TortoiseSVN\bin;C:\Users\RKALIYAP\apache-maven-3.5.4\bin;C:\Program Files\Java\jdk1.8.0_172\bin;C:\Users\RKALIYAP\Automation\New\Volvo_AGVFlow\browserDrivers;C:\Users\RKALIYAP\Downloads\sikuli_jars\libs;C:\Users\RKALIYAP\Downloads\Sikuli\libs;C:\Program Files\Docker Toolbox;C:\Users\RKALIYAP\eclipse;
USERNAME=rkaliyap
OS=Windows_NT
PROCESSOR_IDENTIFIER=Intel64 Family 6 Model 62 Stepping 4, GenuineIntel



---------------  S Y S T E M  ---------------

OS: Windows 7 , 64 bit Build 7601 (6.1.7601.24117)

CPU:total 1 (initial active 1) (1 cores per cpu, 1 threads per core) family 6 model 62 stepping 4, cmov, cx8, fxsr, mmx, sse, sse2, sse3, ssse3, sse4.1, sse4.2, popcnt, avx, aes, clmul, erms, tsc, tscinvbit

Memory: 4k page, physical 2096564k(9704k free), swap 8386256k(4836k free)

vm_info: Java HotSpot(TM) 64-Bit Server VM (25.172-b11) for windows-amd64 JRE (1.8.0_172-b11), built on Mar 28 2018 21:21:52 by "java_re" with MS VC++ 10.0 (VS2010)

time: Tue Jul 31 15:11:37 2018
elapsed time: 7 seconds (0d 0h 0m 7s)

